<?xml version="1.0" encoding="UTF-8"?>
<!-- Generated by org.testng.reporters.JUnitReportReporter -->
<testsuite hostname="LAPTOP-1P4OD8CL" failures="0" tests="1" name="Testscripts.TC003" time="34.941" errors="0" timestamp="2022-09-28T12:17:40 IST" skipped="0">
  <testcase classname="Testscripts.TC003" name="login" time="34.941"/>
  <system-out>
    <![CDATA[employee deleted]]>
  </system-out>
</testsuite> <!-- Testscripts.TC003 -->
