<?xml version="1.0" encoding="UTF-8"?>
<!-- Generated by org.testng.reporters.JUnitReportReporter -->
<testsuite hostname="LAPTOP-1P4OD8CL" failures="0" tests="1" name="Testscripts.TC001" time="26.060" errors="0" timestamp="2022-09-28T12:17:40 IST" skipped="0">
  <testcase classname="Testscripts.TC001" name="login" time="26.060"/>
  <system-out>
    <![CDATA[login and logout success]]>
  </system-out>
</testsuite> <!-- Testscripts.TC001 -->
